<?xml version="1.0" encoding="utf-8"?><testsuites name="pytest tests"><testsuite name="pytest" errors="0" failures="0" skipped="0" tests="12" time="2.772" timestamp="2026-04-14T12:23:14.128535+00:00" hostname="agent-env-98d9c300-8d21-49ef-8f3d-0a201ba37eaf"><testcase classname="tests.test_bode_analyzer.TestHealthCheck" name="test_api_root" time="0.298" /><testcase classname="tests.test_bode_analyzer.TestAnalyzeEndpoint" name="test_analyze_default_transfer_function" time="0.128" /><testcase classname="tests.test_bode_analyzer.TestAnalyzeEndpoint" name="test_analyze_first_order_system" time="0.164" /><testcase classname="tests.test_bode_analyzer.TestAnalyzeEndpoint" name="test_analyze_invalid_all_zeros" time="0.171" /><testcase classname="tests.test_bode_analyzer.TestExportCSV" name="test_export_csv_returns_base64" time="0.118" /><testcase classname="tests.test_bode_analyzer.TestExportCSV" name="test_export_csv_invalid_transfer_function" time="0.118" /><testcase classname="tests.test_bode_analyzer.TestExportPDF" name="test_export_pdf_returns_base64" time="0.397" /><testcase classname="tests.test_bode_analyzer.TestExportPDF" name="test_export_pdf_invalid_transfer_function" time="0.179" /><testcase classname="tests.test_bode_analyzer.TestTimeResponse" name="test_time_response_default_tf" time="0.153" /><testcase classname="tests.test_bode_analyzer.TestTimeResponse" name="test_time_response_invalid_tf" time="0.139" /><testcase classname="tests.test_bode_analyzer.TestTransfersCRUD" name="test_save_and_list_transfer" time="0.513" /><testcase classname="tests.test_bode_analyzer.TestTransfersCRUD" name="test_delete_nonexistent_transfer" time="0.205" /></testsuite></testsuites>