<?xml version="1.0" encoding="utf-8"?><testsuites name="pytest tests"><testsuite name="pytest" errors="0" failures="0" skipped="0" tests="8" time="1.497" timestamp="2026-04-14T09:13:04.873450+00:00" hostname="agent-env-98d9c300-8d21-49ef-8f3d-0a201ba37eaf"><testcase classname="tests.test_bode_analyzer.TestHealthCheck" name="test_api_root" time="0.326" /><testcase classname="tests.test_bode_analyzer.TestAnalyzeEndpoint" name="test_analyze_default_transfer_function" time="0.171" /><testcase classname="tests.test_bode_analyzer.TestAnalyzeEndpoint" name="test_analyze_first_order_system" time="0.148" /><testcase classname="tests.test_bode_analyzer.TestAnalyzeEndpoint" name="test_analyze_invalid_all_zeros" time="0.107" /><testcase classname="tests.test_bode_analyzer.TestExportCSV" name="test_export_csv_returns_base64" time="0.152" /><testcase classname="tests.test_bode_analyzer.TestExportCSV" name="test_export_csv_invalid_transfer_function" time="0.140" /><testcase classname="tests.test_bode_analyzer.TestExportPDF" name="test_export_pdf_returns_base64" time="0.211" /><testcase classname="tests.test_bode_analyzer.TestExportPDF" name="test_export_pdf_invalid_transfer_function" time="0.152" /></testsuite></testsuites>